<?xml version="1.0" encoding="UTF-8"?>
<testsuite xmlns:xsi="http://www.w3.org/2001/XMLSchema-instance" xsi:noNamespaceSchemaLocation="https://maven.apache.org/surefire/maven-surefire-plugin/xsd/surefire-test-report.xsd" name="com.adactin.runner.CucumberRunner" time="40.66" tests="51" errors="0" skipped="0" failures="0">
  <properties>
    <property name="sun.desktop" value="windows"/>
    <property name="awt.toolkit" value="sun.awt.windows.WToolkit"/>
    <property name="file.encoding.pkg" value="sun.io"/>
    <property name="java.specification.version" value="1.8"/>
    <property name="sun.cpu.isalist" value="amd64"/>
    <property name="sun.jnu.encoding" value="Cp1252"/>
    <property name="java.class.path" value="C:\Users\Admin\eclipse-workspace_project\AdactinCucumber\target\test-classes;C:\Users\Admin\eclipse-workspace_project\AdactinCucumber\target\classes;C:\Users\Admin\.m2\repository\junit\junit\4.12\junit-4.12.jar;C:\Users\Admin\.m2\repository\org\hamcrest\hamcrest-core\1.3\hamcrest-core-1.3.jar;C:\Users\Admin\.m2\repository\org\seleniumhq\selenium\selenium-java\3.141.59\selenium-java-3.141.59.jar;C:\Users\Admin\.m2\repository\org\seleniumhq\selenium\selenium-api\3.141.59\selenium-api-3.141.59.jar;C:\Users\Admin\.m2\repository\org\seleniumhq\selenium\selenium-chrome-driver\3.141.59\selenium-chrome-driver-3.141.59.jar;C:\Users\Admin\.m2\repository\org\seleniumhq\selenium\selenium-edge-driver\3.141.59\selenium-edge-driver-3.141.59.jar;C:\Users\Admin\.m2\repository\org\seleniumhq\selenium\selenium-firefox-driver\3.141.59\selenium-firefox-driver-3.141.59.jar;C:\Users\Admin\.m2\repository\org\seleniumhq\selenium\selenium-ie-driver\3.141.59\selenium-ie-driver-3.141.59.jar;C:\Users\Admin\.m2\repository\org\seleniumhq\selenium\selenium-opera-driver\3.141.59\selenium-opera-driver-3.141.59.jar;C:\Users\Admin\.m2\repository\org\seleniumhq\selenium\selenium-remote-driver\3.141.59\selenium-remote-driver-3.141.59.jar;C:\Users\Admin\.m2\repository\org\seleniumhq\selenium\selenium-safari-driver\3.141.59\selenium-safari-driver-3.141.59.jar;C:\Users\Admin\.m2\repository\org\seleniumhq\selenium\selenium-support\3.141.59\selenium-support-3.141.59.jar;C:\Users\Admin\.m2\repository\net\bytebuddy\byte-buddy\1.8.15\byte-buddy-1.8.15.jar;C:\Users\Admin\.m2\repository\org\apache\commons\commons-exec\1.3\commons-exec-1.3.jar;C:\Users\Admin\.m2\repository\com\google\guava\guava\25.0-jre\guava-25.0-jre.jar;C:\Users\Admin\.m2\repository\com\google\code\findbugs\jsr305\1.3.9\jsr305-1.3.9.jar;C:\Users\Admin\.m2\repository\org\checkerframework\checker-compat-qual\2.0.0\checker-compat-qual-2.0.0.jar;C:\Users\Admin\.m2\repository\com\google\errorprone\error_prone_annotations\2.1.3\error_prone_annotations-2.1.3.jar;C:\Users\Admin\.m2\repository\com\google\j2objc\j2objc-annotations\1.1\j2objc-annotations-1.1.jar;C:\Users\Admin\.m2\repository\org\codehaus\mojo\animal-sniffer-annotations\1.14\animal-sniffer-annotations-1.14.jar;C:\Users\Admin\.m2\repository\com\squareup\okhttp3\okhttp\3.11.0\okhttp-3.11.0.jar;C:\Users\Admin\.m2\repository\com\squareup\okio\okio\1.14.0\okio-1.14.0.jar;C:\Users\Admin\.m2\repository\info\cukes\cucumber-junit\1.2.5\cucumber-junit-1.2.5.jar;C:\Users\Admin\.m2\repository\info\cukes\cucumber-java\1.2.5\cucumber-java-1.2.5.jar;C:\Users\Admin\.m2\repository\info\cukes\cucumber-core\1.2.5\cucumber-core-1.2.5.jar;C:\Users\Admin\.m2\repository\info\cukes\cucumber-html\0.2.3\cucumber-html-0.2.3.jar;C:\Users\Admin\.m2\repository\info\cukes\cucumber-jvm-deps\1.0.5\cucumber-jvm-deps-1.0.5.jar;C:\Users\Admin\.m2\repository\info\cukes\gherkin\2.12.2\gherkin-2.12.2.jar;C:\Users\Admin\.m2\repository\com\vimalselvam\cucumber-extentsreport\3.0.2\cucumber-extentsreport-3.0.2.jar;C:\Users\Admin\.m2\repository\com\aventstack\extentreports\3.1.2\extentreports-3.1.2.jar;C:\Users\Admin\.m2\repository\org\freemarker\freemarker\2.3.23\freemarker-2.3.23.jar;C:\Users\Admin\.m2\repository\org\mongodb\mongodb-driver\3.3.0\mongodb-driver-3.3.0.jar;C:\Users\Admin\.m2\repository\org\mongodb\bson\3.3.0\bson-3.3.0.jar;C:\Users\Admin\.m2\repository\org\mongodb\mongodb-driver-core\3.3.0\mongodb-driver-core-3.3.0.jar;C:\Users\Admin\.m2\repository\org\apache\httpcomponents\httpclient\4.5.2\httpclient-4.5.2.jar;C:\Users\Admin\.m2\repository\org\apache\httpcomponents\httpcore\4.4.4\httpcore-4.4.4.jar;C:\Users\Admin\.m2\repository\commons-logging\commons-logging\1.2\commons-logging-1.2.jar;C:\Users\Admin\.m2\repository\commons-codec\commons-codec\1.9\commons-codec-1.9.jar;C:\Users\Admin\.m2\repository\org\apache\httpcomponents\httpmime\4.5.2\httpmime-4.5.2.jar;C:\Users\Admin\.m2\repository\org\jsoup\jsoup\1.9.2\jsoup-1.9.2.jar;C:\Users\Admin\.m2\repository\com\google\code\gson\gson\2.8.0\gson-2.8.0.jar;C:\Users\Admin\.m2\repository\commons-io\commons-io\2.6\commons-io-2.6.jar;"/>
    <property name="java.vm.vendor" value="Oracle Corporation"/>
    <property name="sun.arch.data.model" value="64"/>
    <property name="user.variant" value=""/>
    <property name="java.vendor.url" value="http://java.oracle.com/"/>
    <property name="user.timezone" value="Asia/Calcutta"/>
    <property name="java.vm.specification.version" value="1.8"/>
    <property name="os.name" value="Windows 10"/>
    <property name="user.country" value="IN"/>
    <property name="sun.java.launcher" value="SUN_STANDARD"/>
    <property name="sun.boot.library.path" value="C:\Program Files\Java\jdk1.8.0_231\jre\bin"/>
    <property name="sun.java.command" value="C:\Users\Admin\AppData\Local\Temp\surefire2545504342622159497\surefirebooter5816471497007241672.jar C:\Users\Admin\AppData\Local\Temp\surefire2545504342622159497 2019-12-28T11-28-07_750-jvmRun1 surefire3471044112952819592tmp surefire_04767432759217114846tmp"/>
    <property name="surefire.test.class.path" value="C:\Users\Admin\eclipse-workspace_project\AdactinCucumber\target\test-classes;C:\Users\Admin\eclipse-workspace_project\AdactinCucumber\target\classes;C:\Users\Admin\.m2\repository\junit\junit\4.12\junit-4.12.jar;C:\Users\Admin\.m2\repository\org\hamcrest\hamcrest-core\1.3\hamcrest-core-1.3.jar;C:\Users\Admin\.m2\repository\org\seleniumhq\selenium\selenium-java\3.141.59\selenium-java-3.141.59.jar;C:\Users\Admin\.m2\repository\org\seleniumhq\selenium\selenium-api\3.141.59\selenium-api-3.141.59.jar;C:\Users\Admin\.m2\repository\org\seleniumhq\selenium\selenium-chrome-driver\3.141.59\selenium-chrome-driver-3.141.59.jar;C:\Users\Admin\.m2\repository\org\seleniumhq\selenium\selenium-edge-driver\3.141.59\selenium-edge-driver-3.141.59.jar;C:\Users\Admin\.m2\repository\org\seleniumhq\selenium\selenium-firefox-driver\3.141.59\selenium-firefox-driver-3.141.59.jar;C:\Users\Admin\.m2\repository\org\seleniumhq\selenium\selenium-ie-driver\3.141.59\selenium-ie-driver-3.141.59.jar;C:\Users\Admin\.m2\repository\org\seleniumhq\selenium\selenium-opera-driver\3.141.59\selenium-opera-driver-3.141.59.jar;C:\Users\Admin\.m2\repository\org\seleniumhq\selenium\selenium-remote-driver\3.141.59\selenium-remote-driver-3.141.59.jar;C:\Users\Admin\.m2\repository\org\seleniumhq\selenium\selenium-safari-driver\3.141.59\selenium-safari-driver-3.141.59.jar;C:\Users\Admin\.m2\repository\org\seleniumhq\selenium\selenium-support\3.141.59\selenium-support-3.141.59.jar;C:\Users\Admin\.m2\repository\net\bytebuddy\byte-buddy\1.8.15\byte-buddy-1.8.15.jar;C:\Users\Admin\.m2\repository\org\apache\commons\commons-exec\1.3\commons-exec-1.3.jar;C:\Users\Admin\.m2\repository\com\google\guava\guava\25.0-jre\guava-25.0-jre.jar;C:\Users\Admin\.m2\repository\com\google\code\findbugs\jsr305\1.3.9\jsr305-1.3.9.jar;C:\Users\Admin\.m2\repository\org\checkerframework\checker-compat-qual\2.0.0\checker-compat-qual-2.0.0.jar;C:\Users\Admin\.m2\repository\com\google\errorprone\error_prone_annotations\2.1.3\error_prone_annotations-2.1.3.jar;C:\Users\Admin\.m2\repository\com\google\j2objc\j2objc-annotations\1.1\j2objc-annotations-1.1.jar;C:\Users\Admin\.m2\repository\org\codehaus\mojo\animal-sniffer-annotations\1.14\animal-sniffer-annotations-1.14.jar;C:\Users\Admin\.m2\repository\com\squareup\okhttp3\okhttp\3.11.0\okhttp-3.11.0.jar;C:\Users\Admin\.m2\repository\com\squareup\okio\okio\1.14.0\okio-1.14.0.jar;C:\Users\Admin\.m2\repository\info\cukes\cucumber-junit\1.2.5\cucumber-junit-1.2.5.jar;C:\Users\Admin\.m2\repository\info\cukes\cucumber-java\1.2.5\cucumber-java-1.2.5.jar;C:\Users\Admin\.m2\repository\info\cukes\cucumber-core\1.2.5\cucumber-core-1.2.5.jar;C:\Users\Admin\.m2\repository\info\cukes\cucumber-html\0.2.3\cucumber-html-0.2.3.jar;C:\Users\Admin\.m2\repository\info\cukes\cucumber-jvm-deps\1.0.5\cucumber-jvm-deps-1.0.5.jar;C:\Users\Admin\.m2\repository\info\cukes\gherkin\2.12.2\gherkin-2.12.2.jar;C:\Users\Admin\.m2\repository\com\vimalselvam\cucumber-extentsreport\3.0.2\cucumber-extentsreport-3.0.2.jar;C:\Users\Admin\.m2\repository\com\aventstack\extentreports\3.1.2\extentreports-3.1.2.jar;C:\Users\Admin\.m2\repository\org\freemarker\freemarker\2.3.23\freemarker-2.3.23.jar;C:\Users\Admin\.m2\repository\org\mongodb\mongodb-driver\3.3.0\mongodb-driver-3.3.0.jar;C:\Users\Admin\.m2\repository\org\mongodb\bson\3.3.0\bson-3.3.0.jar;C:\Users\Admin\.m2\repository\org\mongodb\mongodb-driver-core\3.3.0\mongodb-driver-core-3.3.0.jar;C:\Users\Admin\.m2\repository\org\apache\httpcomponents\httpclient\4.5.2\httpclient-4.5.2.jar;C:\Users\Admin\.m2\repository\org\apache\httpcomponents\httpcore\4.4.4\httpcore-4.4.4.jar;C:\Users\Admin\.m2\repository\commons-logging\commons-logging\1.2\commons-logging-1.2.jar;C:\Users\Admin\.m2\repository\commons-codec\commons-codec\1.9\commons-codec-1.9.jar;C:\Users\Admin\.m2\repository\org\apache\httpcomponents\httpmime\4.5.2\httpmime-4.5.2.jar;C:\Users\Admin\.m2\repository\org\jsoup\jsoup\1.9.2\jsoup-1.9.2.jar;C:\Users\Admin\.m2\repository\com\google\code\gson\gson\2.8.0\gson-2.8.0.jar;C:\Users\Admin\.m2\repository\commons-io\commons-io\2.6\commons-io-2.6.jar;"/>
    <property name="sun.cpu.endian" value="little"/>
    <property name="user.home" value="C:\Users\Admin"/>
    <property name="user.language" value="en"/>
    <property name="java.specification.vendor" value="Oracle Corporation"/>
    <property name="java.home" value="C:\Program Files\Java\jdk1.8.0_231\jre"/>
    <property name="basedir" value="C:\Users\Admin\eclipse-workspace_project\AdactinCucumber"/>
    <property name="file.separator" value="\"/>
    <property name="line.separator" value="&#10;"/>
    <property name="java.vm.specification.vendor" value="Oracle Corporation"/>
    <property name="java.specification.name" value="Java Platform API Specification"/>
    <property name="java.awt.graphicsenv" value="sun.awt.Win32GraphicsEnvironment"/>
    <property name="surefire.real.class.path" value="C:\Users\Admin\AppData\Local\Temp\surefire2545504342622159497\surefirebooter5816471497007241672.jar"/>
    <property name="sun.boot.class.path" value="C:\Program Files\Java\jdk1.8.0_231\jre\lib\resources.jar;C:\Program Files\Java\jdk1.8.0_231\jre\lib\rt.jar;C:\Program Files\Java\jdk1.8.0_231\jre\lib\sunrsasign.jar;C:\Program Files\Java\jdk1.8.0_231\jre\lib\jsse.jar;C:\Program Files\Java\jdk1.8.0_231\jre\lib\jce.jar;C:\Program Files\Java\jdk1.8.0_231\jre\lib\charsets.jar;C:\Program Files\Java\jdk1.8.0_231\jre\lib\jfr.jar;C:\Program Files\Java\jdk1.8.0_231\jre\classes"/>
    <property name="user.script" value=""/>
    <property name="sun.management.compiler" value="HotSpot 64-Bit Tiered Compilers"/>
    <property name="java.runtime.version" value="1.8.0_231-b11"/>
    <property name="user.name" value="Admin"/>
    <property name="path.separator" value=";"/>
    <property name="os.version" value="10.0"/>
    <property name="java.endorsed.dirs" value="C:\Program Files\Java\jdk1.8.0_231\jre\lib\endorsed"/>
    <property name="java.runtime.name" value="Java(TM) SE Runtime Environment"/>
    <property name="file.encoding" value="Cp1252"/>
    <property name="java.vm.name" value="Java HotSpot(TM) 64-Bit Server VM"/>
    <property name="localRepository" value="C:\Users\Admin\.m2\repository"/>
    <property name="java.vendor.url.bug" value="http://bugreport.sun.com/bugreport/"/>
    <property name="java.io.tmpdir" value="C:\Users\Admin\AppData\Local\Temp\"/>
    <property name="java.version" value="1.8.0_231"/>
    <property name="user.dir" value="C:\Users\Admin\eclipse-workspace_project\AdactinCucumber"/>
    <property name="os.arch" value="amd64"/>
    <property name="java.vm.specification.name" value="Java Virtual Machine Specification"/>
    <property name="java.awt.printerjob" value="sun.awt.windows.WPrinterJob"/>
    <property name="sun.os.patch.level" value=""/>
    <property name="java.library.path" value="C:\Program Files\Java\jdk1.8.0_231\jre\bin;C:\WINDOWS\Sun\Java\bin;C:\WINDOWS\system32;C:\WINDOWS;C:/Program Files/Java/jre1.8.0_231/bin/server;C:/Program Files/Java/jre1.8.0_231/bin;C:/Program Files/Java/jre1.8.0_231/lib/amd64;C:\WINDOWS\system32;C:\WINDOWS;C:\WINDOWS\System32\Wbem;C:\WINDOWS\System32\WindowsPowerShell\v1.0\;C:\WINDOWS\System32\OpenSSH\;C:\Program Files (x86)\Common Files\Oracle\Java\javapath;C:\Program Files\Java\jdk1.8.0_231\bin;C:\apache-maven-3.6.3\bin;C:\Program Files\Git\cmd;C:\Users\Admin\AppData\Local\Microsoft\WindowsApps;;C:\Users\Admin\Desktop;;."/>
    <property name="java.vm.info" value="mixed mode"/>
    <property name="java.vendor" value="Oracle Corporation"/>
    <property name="java.vm.version" value="25.231-b11"/>
    <property name="java.ext.dirs" value="C:\Program Files\Java\jdk1.8.0_231\jre\lib\ext;C:\WINDOWS\Sun\Java\lib\ext"/>
    <property name="sun.io.unicode.encoding" value="UnicodeLittle"/>
    <property name="java.class.version" value="52.0"/>
  </properties>
  <testcase name="Given the user is logged in the application" classname="| Prabhuvenkat | prabhu9619 |" time="0.016"/>
  <testcase name="Then goes to landing page" classname="| Prabhuvenkat | prabhu9619 |" time="0"/>
  <testcase name="When user enter application url" classname="| Prabhuvenkat | prabhu9619 |" time="0"/>
  <testcase name="And user enter &quot;Prabhuvenkat&quot; as username" classname="| Prabhuvenkat | prabhu9619 |" time="0"/>
  <testcase name="And user enter &quot;prabhu9619&quot; as password" classname="| Prabhuvenkat | prabhu9619 |" time="0"/>
  <testcase name="Then user verify the username in the homepage" classname="| Prabhuvenkat | prabhu9619 |" time="0"/>
  <testcase name="| Prabhuvenkat | prabhu9619 |" classname="| Prabhuvenkat | prabhu9619 |" time="0.002"/>
  <testcase name="Given the user is logged in the application" classname="| Mahamilky | hari.9500 |" time="0"/>
  <testcase name="Then goes to landing page" classname="| Mahamilky | hari.9500 |" time="0"/>
  <testcase name="When user enter application url" classname="| Mahamilky | hari.9500 |" time="0"/>
  <testcase name="And user enter &quot;Mahamilky&quot; as username" classname="| Mahamilky | hari.9500 |" time="0"/>
  <testcase name="And user enter &quot;hari.9500&quot; as password" classname="| Mahamilky | hari.9500 |" time="0"/>
  <testcase name="Then user verify the username in the homepage" classname="| Mahamilky | hari.9500 |" time="0"/>
  <testcase name="| Mahamilky | hari.9500 |" classname="| Mahamilky | hari.9500 |" time="0.005"/>
  <testcase name="Given the user is logged in the application" classname="| anuamu04 | 9003881833 |" time="0"/>
  <testcase name="Then goes to landing page" classname="| anuamu04 | 9003881833 |" time="0"/>
  <testcase name="When user enter application url" classname="| anuamu04 | 9003881833 |" time="0"/>
  <testcase name="And user enter &quot;anuamu04&quot; as username" classname="| anuamu04 | 9003881833 |" time="0.001"/>
  <testcase name="And user enter &quot;9003881833&quot; as password" classname="| anuamu04 | 9003881833 |" time="0"/>
  <testcase name="Then user verify the username in the homepage" classname="| anuamu04 | 9003881833 |" time="0"/>
  <testcase name="| anuamu04 | 9003881833 |" classname="| anuamu04 | 9003881833 |" time="0.008"/>
  <testcase name="Given the user is logged in the application" classname="Scenario: Successfull select SearchHotel into the adactin application with valid credential" time="0"/>
  <testcase name="Then goes to landing page" classname="Scenario: Successfull select SearchHotel into the adactin application with valid credential" time="0"/>
  <testcase name="When user enter valid location" classname="Scenario: Successfull select SearchHotel into the adactin application with valid credential" time="0"/>
  <testcase name="And user enter valid hotel" classname="Scenario: Successfull select SearchHotel into the adactin application with valid credential" time="0"/>
  <testcase name="And user enter valid roomtype" classname="Scenario: Successfull select SearchHotel into the adactin application with valid credential" time="0.001"/>
  <testcase name="And user enter valid norooms" classname="Scenario: Successfull select SearchHotel into the adactin application with valid credential" time="0"/>
  <testcase name="And user enter valid checkin" classname="Scenario: Successfull select SearchHotel into the adactin application with valid credential" time="0"/>
  <testcase name="And user enter valid checkout" classname="Scenario: Successfull select SearchHotel into the adactin application with valid credential" time="0"/>
  <testcase name="And user enter valid adultroom" classname="Scenario: Successfull select SearchHotel into the adactin application with valid credential" time="0"/>
  <testcase name="And user enter valid children" classname="Scenario: Successfull select SearchHotel into the adactin application with valid credential" time="0.001"/>
  <testcase name="Then user select valid selectbtn" classname="Scenario: Successfull select SearchHotel into the adactin application with valid credential" time="0.001"/>
  <testcase name="Scenario: Successfull select SearchHotel into the adactin application with valid credential" classname="Scenario: Successfull select SearchHotel into the adactin application with valid credential" time="0.002"/>
  <testcase name="Given the user is logged in the application" classname="Scenario: Successfull select BookingPage into the adactin application with valid credential" time="0"/>
  <testcase name="Then goes to landing page" classname="Scenario: Successfull select BookingPage into the adactin application with valid credential" time="0"/>
  <testcase name="When user select valid selectbn" classname="Scenario: Successfull select BookingPage into the adactin application with valid credential" time="0"/>
  <testcase name="Then user verify the click the selecthotelpage" classname="Scenario: Successfull select BookingPage into the adactin application with valid credential" time="0"/>
  <testcase name="Scenario: Successfull select BookingPage into the adactin application with valid credential" classname="Scenario: Successfull select BookingPage into the adactin application with valid credential" time="0.002"/>
  <testcase name="Given the user is logged in the application" classname="Scenario: Successfull select ConfirmationPage into the adactin application with valid credential" time="0"/>
  <testcase name="Then goes to landing page" classname="Scenario: Successfull select ConfirmationPage into the adactin application with valid credential" time="0"/>
  <testcase name="When user enter valid firstname" classname="Scenario: Successfull select ConfirmationPage into the adactin application with valid credential" time="0"/>
  <testcase name="And user enter valid Lastname" classname="Scenario: Successfull select ConfirmationPage into the adactin application with valid credential" time="0"/>
  <testcase name="And user enter valid Address" classname="Scenario: Successfull select ConfirmationPage into the adactin application with valid credential" time="0"/>
  <testcase name="And user enter valid Creditno" classname="Scenario: Successfull select ConfirmationPage into the adactin application with valid credential" time="0"/>
  <testcase name="And user enter valid Cardtype" classname="Scenario: Successfull select ConfirmationPage into the adactin application with valid credential" time="0"/>
  <testcase name="And user enter valid Selectmonth" classname="Scenario: Successfull select ConfirmationPage into the adactin application with valid credential" time="0"/>
  <testcase name="And user enter valid Selectyear" classname="Scenario: Successfull select ConfirmationPage into the adactin application with valid credential" time="0"/>
  <testcase name="And user enter valid Ccvno" classname="Scenario: Successfull select ConfirmationPage into the adactin application with valid credential" time="0.001"/>
  <testcase name="And user verify the booknow in the Paymentpage" classname="Scenario: Successfull select ConfirmationPage into the adactin application with valid credential" time="0"/>
  <testcase name="Then user click the logoutbtn" classname="Scenario: Successfull select ConfirmationPage into the adactin application with valid credential" time="0"/>
  <testcase name="Scenario: Successfull select ConfirmationPage into the adactin application with valid credential" classname="Scenario: Successfull select ConfirmationPage into the adactin application with valid credential" time="0.001"/>
</testsuite>